<?xml version="1.0" encoding="UTF-8"?>
<testng-results ignored="0" total="1" passed="1" failed="0" skipped="0">
  <reporter-output>
  </reporter-output>
  <suite started-at="2023-07-30T01:42:48 PDT" name="Default suite" finished-at="2023-07-30T01:42:55 PDT" duration-ms="6928">
    <groups>
    </groups>
    <test started-at="2023-07-30T01:42:48 PDT" name="Default test" finished-at="2023-07-30T01:42:55 PDT" duration-ms="6928">
      <class name="JenkinsDemo.TestCase1">
        <test-method signature="test()[pri:0, instance:JenkinsDemo.TestCase1@4229bb3f]" started-at="2023-07-30T01:42:48 PDT" name="test" finished-at="2023-07-30T01:42:55 PDT" duration-ms="6850" status="PASS">
          <reporter-output>
          </reporter-output>
        </test-method> <!-- test -->
      </class> <!-- JenkinsDemo.TestCase1 -->
    </test> <!-- Default test -->
  </suite> <!-- Default suite -->
</testng-results>
